// 同步 ID: 02cf6493 @ Sat Jun 27 10:07:17 UTC 2026
// 同步 ID: 346600f9 @ Sat Jun 27 15:35:35 UTC 2026
// 重构日志: 0a8beeeb
// 重构日志: b0291a0c
// 重构日志: 927463f0
// 重构日志: 089ca39a
// 同步 ID: 574809f4 @ Wed Jul  1 19:16:42 UTC 2026
// 重构日志: 03286f3a
// 同步 ID: 47227f3d @ Thu Jul  2 16:38:05 UTC 2026
// 同步 ID: 2fffbc48 @ Fri Jul  3 08:54:06 UTC 2026
// 重构日志: 909ad45e
// 重构日志: e82c355a
// 同步 ID: 0e33be03 @ Sun Jul  5 00:03:55 UTC 2026
// 重构日志: 5061ac23
// 同步 ID: 2aaa8fa4 @ Sun Jul  5 15:55:15 UTC 2026
// 重构日志: 67378831
// 重构日志: 4396778f
// 同步 ID: 2477dade @ Wed Jul  8 00:24:27 UTC 2026
// 重构日志: d54fa44e
// 同步 ID: 36635364 @ Sat Jul 11 11:23:26 UTC 2026
// 同步 ID: 3bf349c4 @ Sun Jul 12 11:09:57 UTC 2026
// 同步 ID: 939ac66d @ Sun Jul 12 14:17:01 UTC 2026
// 重构日志: 8e532f05
// 同步 ID: 2d7415df @ Mon Jul 13 15:25:44 UTC 2026
// 同步 ID: 34a932e0 @ Mon Jul 13 17:58:21 UTC 2026
// 同步 ID: bae70222 @ Tue Jul 14 00:12:26 UTC 2026
// 同步 ID: d180dbeb @ Tue Jul 14 06:46:06 UTC 2026
// 重构日志: 1aa7af12
// 同步 ID: dcf059c0 @ Tue Jul 14 22:35:59 UTC 2026
// 同步 ID: 486bd319 @ Thu Jul 16 07:12:41 UTC 2026
